<?xml version="1.0" encoding="UTF-8"?>
<!-- Generated by org.testng.reporters.JUnitReportReporter -->
<testsuite skipped="0" hostname="DESKTOP-HP09FJ3" name="testCases.CreateApplicant" tests="1" failures="0" timestamp="2019-12-02T07:35:58 IST" time="36.997" errors="0">
  <testcase name="addApplicant" time="36.997" classname="testCases.CreateApplicant"/>
</testsuite> <!-- testCases.CreateApplicant -->
