<?xml version="1.0" encoding="UTF-8"?>
<!-- Generated by org.testng.reporters.JUnitReportReporter -->
<testsuite skipped="0" hostname="DESKTOP-HP09FJ3" name="testCases.LoginToScipio" tests="1" failures="0" timestamp="2019-12-09T19:48:59 IST" time="6.079" errors="0">
  <testcase name="loginWithValidCredintials" time="6.079" classname="testCases.LoginToScipio"/>
</testsuite> <!-- testCases.LoginToScipio -->
