<?xml version="1.0" encoding="UTF-8"?>
<!-- Generated by org.testng.reporters.JUnitReportReporter -->
<testsuite skipped="0" hostname="DESKTOP-HP09FJ3" name="testCases.LoginToScipio" tests="1" failures="0" timestamp="2019-12-02T07:35:58 IST" time="7.156" errors="0">
  <testcase name="loginWithValidCredintials" time="7.156" classname="testCases.LoginToScipio"/>
</testsuite> <!-- testCases.LoginToScipio -->
