<?xml version="1.0" encoding="UTF-8"?>
<!-- Generated by org.testng.reporters.JUnitReportReporter -->
<testsuite skipped="0" hostname="DESKTOP-HP09FJ3" name="testCases.CreateApplicant" tests="2" failures="0" timestamp="2019-12-09T19:48:59 IST" time="71.253" errors="0">
  <testcase name="addApplicant" time="35.414" classname="testCases.CreateApplicant"/>
  <testcase name="addApplicant" time="35.839" classname="testCases.CreateApplicant"/>
</testsuite> <!-- testCases.CreateApplicant -->
